<?xml version="1.0" encoding="UTF-8"?>
<!-- Generated by org.testng.reporters.JUnitXMLReporter -->
<testsuite ignored="0" hostname="DESKTOP-906HLBK" failures="0" tests="5" name="testcase2" time="15.858" errors="0" timestamp="2024-08-20T15:33:19 IST">
  <testcase classname="testngcase.invaliddetailsdemo" name="lwievp" time="0.652"/>
  <testcase classname="testngcase.invaliddetailsdemo" name="lwveip" time="0.589"/>
  <testcase classname="testngcase.invaliddetailsdemo" name="lwieip" time="0.538"/>
  <testcase classname="testngcase.searchingdemo" name="tablet" time="2.665"/>
  <testcase classname="testngcase.validdetailsdemo" name="lwvc" time="3.077"/>
</testsuite> <!-- testcase2 -->
