<?xml version="1.0" encoding="UTF-8"?>
<!-- Generated by org.testng.reporters.JUnitXMLReporter -->
<testsuite ignored="0" hostname="DESKTOP-906HLBK" failures="2" tests="11" name="TestOne" time="8.63" errors="0" timestamp="2024-08-10T17:15:08 IST">
  <testcase classname="testngcase.logindemo2" name="loginwithvalidcredentials" time="0.665"/>
  <testcase classname="testngcase.logindemo2" name="loginwithvalidmailinvalidpassword" time="0.615"/>
  <testcase classname="testngcase.logindemo2" name="loginwithinvalidemailvalidpassword" time="0.574"/>
  <testcase classname="testngcase.Beforeafterclassdemocase1" name="sample1" time="0.001"/>
  <testcase classname="testngcase.Beforeafterclassdemocase1" name="sample2" time="0.001"/>
  <testcase classname="testngcase.assertiondemocase1" name="sample1" time="0.0"/>
  <testcase classname="testngcase.assertiondemocase1" name="sample2" time="0.001"/>
  <testcase classname="testngcase.assertiondemocase1" name="sample3" time="0.006">
    <failure type="java.lang.AssertionError" message="expected [false] but found [true]">
      <![CDATA[java.lang.AssertionError: expected [false] but found [true]
at testngcase.assertiondemocase1.sample3(assertiondemocase1.java:34)
at java.base/java.util.ArrayList.forEach(ArrayList.java:1596)
... Removed 29 stack frames]]>
    </failure>
  </testcase> <!-- sample3 -->
  <testcase classname="testngcase.assertiondemocase1" name="sample4" time="0.0">
    <failure type="java.lang.AssertionError" message="Not eligible for voting">
      <![CDATA[java.lang.AssertionError: Not eligible for voting
at testngcase.assertiondemocase1.sample4(assertiondemocase1.java:46)
at java.base/java.util.ArrayList.forEach(ArrayList.java:1596)
... Removed 26 stack frames]]>
    </failure>
  </testcase> <!-- sample4 -->
  <testcase classname="testngcase.Beforeaftermethoddemocase" name="sample1" time="0.001"/>
  <testcase classname="testngcase.Beforeaftermethoddemocase" name="sample2" time="0.001"/>
</testsuite> <!-- TestOne -->
