<?xml version="1.0" encoding="UTF-8"?>
<testng-results ignored="0" total="11" passed="6" failed="1" skipped="4">
  <reporter-output>
  </reporter-output>
  <suite started-at="2025-09-16T11:18:54 IST" name="Suite1" finished-at="2025-09-16T11:20:19 IST" duration-ms="84850">
    <groups>
    </groups>
    <test started-at="2025-09-16T11:18:54 IST" name="Test1" finished-at="2025-09-16T11:20:19 IST" duration-ms="84850">
      <class name="qafoxpage.registerdatadriven1">
        <test-method signature="case1(java.util.HashMap)[pri:0, instance:qafoxpage.registerdatadriven1@2d1ef81a]" started-at="2025-09-16T11:20:19 IST" name="case1" data-provider="supplydata" finished-at="2025-09-16T11:20:19 IST" duration-ms="8" status="SKIP">
          <params>
            <param index="0">
              <value>
                <![CDATA[{Email=autogenerate, ExpectedResult=Success, Telephone=1.23456789E9, FirstName=Kishore, PasswordConfirm=12345.0, Runmode=Y, LastName=Ravi, Browser=Firefox, Password=12345.0}]]>
              </value>
            </param>
          </params>
          <exception class="org.testng.SkipException">
            <message>
              <![CDATA[We can't able to run the file as the run mode is N]]>
            </message>
            <full-stacktrace>
              <![CDATA[org.testng.SkipException: We can't able to run the file as the run mode is N
at qafoxpage.registerdatadriven1.case1(registerdatadriven1.java:34)
at java.base/jdk.internal.reflect.DirectMethodHandleAccessor.invoke(DirectMethodHandleAccessor.java:103)
at java.base/java.lang.reflect.Method.invoke(Method.java:580)
at org.testng.internal.invokers.MethodInvocationHelper.invokeMethod(MethodInvocationHelper.java:141)
at org.testng.internal.invokers.TestInvoker.invokeMethod(TestInvoker.java:686)
at org.testng.internal.invokers.TestInvoker.invokeTestMethod(TestInvoker.java:230)
at org.testng.internal.invokers.MethodRunner.runInSequence(MethodRunner.java:63)
at org.testng.internal.invokers.TestInvoker$MethodInvocationAgent.invoke(TestInvoker.java:992)
at org.testng.internal.invokers.TestInvoker.invokeTestMethods(TestInvoker.java:203)
at org.testng.internal.invokers.TestMethodWorker.invokeTestMethods(TestMethodWorker.java:154)
at org.testng.internal.invokers.TestMethodWorker.run(TestMethodWorker.java:134)
at java.base/java.util.ArrayList.forEach(ArrayList.java:1596)
at org.testng.TestRunner.privateRun(TestRunner.java:739)
at org.testng.TestRunner.run(TestRunner.java:614)
at org.testng.SuiteRunner.runTest(SuiteRunner.java:421)
at org.testng.SuiteRunner.runSequentially(SuiteRunner.java:413)
at org.testng.SuiteRunner.privateRun(SuiteRunner.java:373)
at org.testng.SuiteRunner.run(SuiteRunner.java:312)
at org.testng.SuiteRunnerWorker.runSuite(SuiteRunnerWorker.java:52)
at org.testng.SuiteRunnerWorker.run(SuiteRunnerWorker.java:95)
at org.testng.TestNG.runSuitesSequentially(TestNG.java:1274)
at org.testng.TestNG.runSuitesLocally(TestNG.java:1208)
at org.testng.TestNG.runSuites(TestNG.java:1112)
at org.testng.TestNG.run(TestNG.java:1079)
at org.testng.remote.AbstractRemoteTestNG.run(AbstractRemoteTestNG.java:115)
at org.testng.remote.RemoteTestNG.initAndRun(RemoteTestNG.java:293)
at org.testng.remote.RemoteTestNG.main(RemoteTestNG.java:91)
]]>
            </full-stacktrace>
          </exception> <!-- org.testng.SkipException -->
          <reporter-output>
          </reporter-output>
        </test-method> <!-- case1 -->
        <test-method signature="case1(java.util.HashMap)[pri:0, instance:qafoxpage.registerdatadriven1@2d1ef81a]" started-at="2025-09-16T11:20:19 IST" name="case1" data-provider="supplydata" finished-at="2025-09-16T11:20:19 IST" duration-ms="4" status="SKIP">
          <params>
            <param index="0">
              <value>
                <![CDATA[{Email=autogenerate, ExpectedResult=Success, Telephone=1.234567891E9, FirstName=Google, PasswordConfirm=12345.0, Runmode=N, LastName=Pichai, Browser=Chrome, Password=12345.0}]]>
              </value>
            </param>
          </params>
          <exception class="org.testng.SkipException">
            <message>
              <![CDATA[We can't able to run the file as the run mode is N]]>
            </message>
            <full-stacktrace>
              <![CDATA[org.testng.SkipException: We can't able to run the file as the run mode is N
at qafoxpage.registerdatadriven1.case1(registerdatadriven1.java:34)
at java.base/jdk.internal.reflect.DirectMethodHandleAccessor.invoke(DirectMethodHandleAccessor.java:103)
at java.base/java.lang.reflect.Method.invoke(Method.java:580)
at org.testng.internal.invokers.MethodInvocationHelper.invokeMethod(MethodInvocationHelper.java:141)
at org.testng.internal.invokers.TestInvoker.invokeMethod(TestInvoker.java:686)
at org.testng.internal.invokers.TestInvoker.invokeTestMethod(TestInvoker.java:230)
at org.testng.internal.invokers.MethodRunner.runInSequence(MethodRunner.java:63)
at org.testng.internal.invokers.TestInvoker$MethodInvocationAgent.invoke(TestInvoker.java:992)
at org.testng.internal.invokers.TestInvoker.invokeTestMethods(TestInvoker.java:203)
at org.testng.internal.invokers.TestMethodWorker.invokeTestMethods(TestMethodWorker.java:154)
at org.testng.internal.invokers.TestMethodWorker.run(TestMethodWorker.java:134)
at java.base/java.util.ArrayList.forEach(ArrayList.java:1596)
at org.testng.TestRunner.privateRun(TestRunner.java:739)
at org.testng.TestRunner.run(TestRunner.java:614)
at org.testng.SuiteRunner.runTest(SuiteRunner.java:421)
at org.testng.SuiteRunner.runSequentially(SuiteRunner.java:413)
at org.testng.SuiteRunner.privateRun(SuiteRunner.java:373)
at org.testng.SuiteRunner.run(SuiteRunner.java:312)
at org.testng.SuiteRunnerWorker.runSuite(SuiteRunnerWorker.java:52)
at org.testng.SuiteRunnerWorker.run(SuiteRunnerWorker.java:95)
at org.testng.TestNG.runSuitesSequentially(TestNG.java:1274)
at org.testng.TestNG.runSuitesLocally(TestNG.java:1208)
at org.testng.TestNG.runSuites(TestNG.java:1112)
at org.testng.TestNG.run(TestNG.java:1079)
at org.testng.remote.AbstractRemoteTestNG.run(AbstractRemoteTestNG.java:115)
at org.testng.remote.RemoteTestNG.initAndRun(RemoteTestNG.java:293)
at org.testng.remote.RemoteTestNG.main(RemoteTestNG.java:91)
]]>
            </full-stacktrace>
          </exception> <!-- org.testng.SkipException -->
          <reporter-output>
          </reporter-output>
        </test-method> <!-- case1 -->
        <test-method signature="case1(java.util.HashMap)[pri:0, instance:qafoxpage.registerdatadriven1@2d1ef81a]" started-at="2025-09-16T11:20:19 IST" name="case1" data-provider="supplydata" finished-at="2025-09-16T11:20:19 IST" duration-ms="2" status="SKIP">
          <params>
            <param index="0">
              <value>
                <![CDATA[{Email=autogenerate, ExpectedResult=Success, Telephone=1.234567892E9, FirstName=Microsoft, PasswordConfirm=12345.0, Runmode=N, LastName=Nadella, Browser=Firefox, Password=12345.0}]]>
              </value>
            </param>
          </params>
          <exception class="org.testng.SkipException">
            <message>
              <![CDATA[We can't able to run the file as the run mode is N]]>
            </message>
            <full-stacktrace>
              <![CDATA[org.testng.SkipException: We can't able to run the file as the run mode is N
at qafoxpage.registerdatadriven1.case1(registerdatadriven1.java:34)
at java.base/jdk.internal.reflect.DirectMethodHandleAccessor.invoke(DirectMethodHandleAccessor.java:103)
at java.base/java.lang.reflect.Method.invoke(Method.java:580)
at org.testng.internal.invokers.MethodInvocationHelper.invokeMethod(MethodInvocationHelper.java:141)
at org.testng.internal.invokers.TestInvoker.invokeMethod(TestInvoker.java:686)
at org.testng.internal.invokers.TestInvoker.invokeTestMethod(TestInvoker.java:230)
at org.testng.internal.invokers.MethodRunner.runInSequence(MethodRunner.java:63)
at org.testng.internal.invokers.TestInvoker$MethodInvocationAgent.invoke(TestInvoker.java:992)
at org.testng.internal.invokers.TestInvoker.invokeTestMethods(TestInvoker.java:203)
at org.testng.internal.invokers.TestMethodWorker.invokeTestMethods(TestMethodWorker.java:154)
at org.testng.internal.invokers.TestMethodWorker.run(TestMethodWorker.java:134)
at java.base/java.util.ArrayList.forEach(ArrayList.java:1596)
at org.testng.TestRunner.privateRun(TestRunner.java:739)
at org.testng.TestRunner.run(TestRunner.java:614)
at org.testng.SuiteRunner.runTest(SuiteRunner.java:421)
at org.testng.SuiteRunner.runSequentially(SuiteRunner.java:413)
at org.testng.SuiteRunner.privateRun(SuiteRunner.java:373)
at org.testng.SuiteRunner.run(SuiteRunner.java:312)
at org.testng.SuiteRunnerWorker.runSuite(SuiteRunnerWorker.java:52)
at org.testng.SuiteRunnerWorker.run(SuiteRunnerWorker.java:95)
at org.testng.TestNG.runSuitesSequentially(TestNG.java:1274)
at org.testng.TestNG.runSuitesLocally(TestNG.java:1208)
at org.testng.TestNG.runSuites(TestNG.java:1112)
at org.testng.TestNG.run(TestNG.java:1079)
at org.testng.remote.AbstractRemoteTestNG.run(AbstractRemoteTestNG.java:115)
at org.testng.remote.RemoteTestNG.initAndRun(RemoteTestNG.java:293)
at org.testng.remote.RemoteTestNG.main(RemoteTestNG.java:91)
]]>
            </full-stacktrace>
          </exception> <!-- org.testng.SkipException -->
          <reporter-output>
          </reporter-output>
        </test-method> <!-- case1 -->
        <test-method signature="case1(java.util.HashMap)[pri:0, instance:qafoxpage.registerdatadriven1@2d1ef81a]" started-at="2025-09-16T11:20:19 IST" name="case1" data-provider="supplydata" finished-at="2025-09-16T11:20:19 IST" duration-ms="7" status="SKIP">
          <params>
            <param index="0">
              <value>
                <![CDATA[{Email=autogenerate, ExpectedResult=Success, Telephone=1.234567893E9, FirstName=Facebook, PasswordConfirm=12345.0, Runmode=Y, LastName=Zukerburg, Browser=Chrome, Password=12345.0}]]>
              </value>
            </param>
          </params>
          <exception class="org.testng.SkipException">
            <message>
              <![CDATA[We can't able to run the file as the run mode is N]]>
            </message>
            <full-stacktrace>
              <![CDATA[org.testng.SkipException: We can't able to run the file as the run mode is N
at qafoxpage.registerdatadriven1.case1(registerdatadriven1.java:34)
at java.base/jdk.internal.reflect.DirectMethodHandleAccessor.invoke(DirectMethodHandleAccessor.java:103)
at java.base/java.lang.reflect.Method.invoke(Method.java:580)
at org.testng.internal.invokers.MethodInvocationHelper.invokeMethod(MethodInvocationHelper.java:141)
at org.testng.internal.invokers.TestInvoker.invokeMethod(TestInvoker.java:686)
at org.testng.internal.invokers.TestInvoker.invokeTestMethod(TestInvoker.java:230)
at org.testng.internal.invokers.MethodRunner.runInSequence(MethodRunner.java:63)
at org.testng.internal.invokers.TestInvoker$MethodInvocationAgent.invoke(TestInvoker.java:992)
at org.testng.internal.invokers.TestInvoker.invokeTestMethods(TestInvoker.java:203)
at org.testng.internal.invokers.TestMethodWorker.invokeTestMethods(TestMethodWorker.java:154)
at org.testng.internal.invokers.TestMethodWorker.run(TestMethodWorker.java:134)
at java.base/java.util.ArrayList.forEach(ArrayList.java:1596)
at org.testng.TestRunner.privateRun(TestRunner.java:739)
at org.testng.TestRunner.run(TestRunner.java:614)
at org.testng.SuiteRunner.runTest(SuiteRunner.java:421)
at org.testng.SuiteRunner.runSequentially(SuiteRunner.java:413)
at org.testng.SuiteRunner.privateRun(SuiteRunner.java:373)
at org.testng.SuiteRunner.run(SuiteRunner.java:312)
at org.testng.SuiteRunnerWorker.runSuite(SuiteRunnerWorker.java:52)
at org.testng.SuiteRunnerWorker.run(SuiteRunnerWorker.java:95)
at org.testng.TestNG.runSuitesSequentially(TestNG.java:1274)
at org.testng.TestNG.runSuitesLocally(TestNG.java:1208)
at org.testng.TestNG.runSuites(TestNG.java:1112)
at org.testng.TestNG.run(TestNG.java:1079)
at org.testng.remote.AbstractRemoteTestNG.run(AbstractRemoteTestNG.java:115)
at org.testng.remote.RemoteTestNG.initAndRun(RemoteTestNG.java:293)
at org.testng.remote.RemoteTestNG.main(RemoteTestNG.java:91)
]]>
            </full-stacktrace>
          </exception> <!-- org.testng.SkipException -->
          <reporter-output>
          </reporter-output>
        </test-method> <!-- case1 -->
      </class> <!-- qafoxpage.registerdatadriven1 -->
      <class name="qafoxpage.login">
        <test-method is-config="true" signature="setup()[pri:0, instance:qafoxpage.login@692f203f]" started-at="2025-09-16T11:18:55 IST" name="setup" finished-at="2025-09-16T11:19:04 IST" duration-ms="9023" status="PASS">
          <reporter-output>
          </reporter-output>
        </test-method> <!-- setup -->
        <test-method signature="loginusing_validcredentials()[pri:1, instance:qafoxpage.login@692f203f]" started-at="2025-09-16T11:19:04 IST" name="loginusing_validcredentials" finished-at="2025-09-16T11:19:07 IST" duration-ms="3029" status="PASS">
          <reporter-output>
          </reporter-output>
        </test-method> <!-- loginusing_validcredentials -->
        <test-method is-config="true" signature="teardown()[pri:0, instance:qafoxpage.login@692f203f]" started-at="2025-09-16T11:19:07 IST" name="teardown" finished-at="2025-09-16T11:19:08 IST" duration-ms="532" status="PASS">
          <reporter-output>
          </reporter-output>
        </test-method> <!-- teardown -->
        <test-method is-config="true" signature="setup()[pri:0, instance:qafoxpage.login@692f203f]" started-at="2025-09-16T11:19:08 IST" name="setup" finished-at="2025-09-16T11:19:11 IST" duration-ms="3560" status="PASS">
          <reporter-output>
          </reporter-output>
        </test-method> <!-- setup -->
        <test-method signature="loginusing_validemailinvalidpassword()[pri:2, instance:qafoxpage.login@692f203f]" started-at="2025-09-16T11:19:11 IST" name="loginusing_validemailinvalidpassword" finished-at="2025-09-16T11:19:15 IST" duration-ms="3357" status="PASS">
          <reporter-output>
          </reporter-output>
        </test-method> <!-- loginusing_validemailinvalidpassword -->
        <test-method is-config="true" signature="teardown()[pri:0, instance:qafoxpage.login@692f203f]" started-at="2025-09-16T11:19:15 IST" name="teardown" finished-at="2025-09-16T11:19:15 IST" duration-ms="332" status="PASS">
          <reporter-output>
          </reporter-output>
        </test-method> <!-- teardown -->
        <test-method is-config="true" signature="setup()[pri:0, instance:qafoxpage.login@692f203f]" started-at="2025-09-16T11:19:15 IST" name="setup" finished-at="2025-09-16T11:19:19 IST" duration-ms="3989" status="PASS">
          <reporter-output>
          </reporter-output>
        </test-method> <!-- setup -->
        <test-method signature="withoutentering_Details()[pri:3, instance:qafoxpage.login@692f203f]" started-at="2025-09-16T11:19:19 IST" name="withoutentering_Details" finished-at="2025-09-16T11:19:21 IST" duration-ms="2348" status="PASS">
          <reporter-output>
          </reporter-output>
        </test-method> <!-- withoutentering_Details -->
        <test-method is-config="true" signature="teardown()[pri:0, instance:qafoxpage.login@692f203f]" started-at="2025-09-16T11:19:21 IST" name="teardown" finished-at="2025-09-16T11:19:22 IST" duration-ms="345" status="PASS">
          <reporter-output>
          </reporter-output>
        </test-method> <!-- teardown -->
      </class> <!-- qafoxpage.login -->
      <class name="qafoxpage.loginfordatadriven">
        <test-method signature="loginusing_validcredentials(java.util.HashMap)[pri:0, instance:qafoxpage.loginfordatadriven@22ff4249]" started-at="2025-09-16T11:19:23 IST" name="loginusing_validcredentials" data-provider="supplydata" finished-at="2025-09-16T11:19:31 IST" duration-ms="7891" status="PASS">
          <params>
            <param index="0">
              <value>
                <![CDATA[{Runmode=Y, ExpectedResult=Success, Username=jai123@gmail.com, Browser=Edge, Password=Candyjai@63}]]>
              </value>
            </param>
          </params>
          <reporter-output>
          </reporter-output>
        </test-method> <!-- loginusing_validcredentials -->
        <test-method is-config="true" signature="teardown()[pri:0, instance:qafoxpage.loginfordatadriven@22ff4249]" started-at="2025-09-16T11:19:31 IST" name="teardown" finished-at="2025-09-16T11:19:32 IST" duration-ms="340" status="PASS">
          <reporter-output>
          </reporter-output>
        </test-method> <!-- teardown -->
        <test-method signature="loginusing_validcredentials(java.util.HashMap)[pri:0, instance:qafoxpage.loginfordatadriven@22ff4249]" started-at="2025-09-16T11:19:32 IST" name="loginusing_validcredentials" data-provider="supplydata" finished-at="2025-09-16T11:19:45 IST" duration-ms="13305" status="PASS">
          <params>
            <param index="0">
              <value>
                <![CDATA[{Runmode=Y, ExpectedResult=Success, Username=jai789t@gmail.com, Browser=Firefox, Password=Candyjai@69}]]>
              </value>
            </param>
          </params>
          <reporter-output>
          </reporter-output>
        </test-method> <!-- loginusing_validcredentials -->
        <test-method is-config="true" signature="teardown()[pri:0, instance:qafoxpage.loginfordatadriven@22ff4249]" started-at="2025-09-16T11:19:45 IST" name="teardown" finished-at="2025-09-16T11:19:47 IST" duration-ms="2620" status="PASS">
          <reporter-output>
          </reporter-output>
        </test-method> <!-- teardown -->
        <test-method signature="loginusing_validcredentials(java.util.HashMap)[pri:0, instance:qafoxpage.loginfordatadriven@22ff4249]" started-at="2025-09-16T11:19:47 IST" name="loginusing_validcredentials" data-provider="supplydata" finished-at="2025-09-16T11:20:09 IST" duration-ms="21829" status="FAIL">
          <params>
            <param index="0">
              <value>
                <![CDATA[{Runmode=Y, ExpectedResult=Failure, Username=amotooricap9@gmail.com, Browser=Chrome, Password=1.23456789E9}]]>
              </value>
            </param>
          </params>
          <exception class="org.openqa.selenium.NoSuchElementException">
            <message>
              <![CDATA[no such element: Unable to locate element: {"method":"link text","selector":"Logout"}
  (Session info: chrome=139.0.7258.155)
For documentation on this error, please visit: https://www.selenium.dev/documentation/webdriver/troubleshooting/errors#no-such-element-exception
Build info: version: '4.23.0', revision: '4df0a231af'
System info: os.name: 'Windows 11', os.arch: 'amd64', os.version: '10.0', java.version: '21.0.3'
Driver info: org.openqa.selenium.chrome.ChromeDriver
Command: [37302ff9764130ef45d4f45b8d904430, findElement {value=Logout, using=link text}]
Capabilities {acceptInsecureCerts: false, browserName: chrome, browserVersion: 139.0.7258.155, chrome: {chromedriverVersion: 139.0.7258.154 (9e0d6b2b47f..., userDataDir: C:\Users\kusuma\AppData\Loc...}, fedcm:accounts: true, goog:chromeOptions: {debuggerAddress: localhost:54532}, networkConnectionEnabled: false, pageLoadStrategy: normal, platformName: windows, proxy: Proxy(), se:cdp: ws://localhost:54532/devtoo..., se:cdpVersion: 139.0.7258.155, setWindowRect: true, strictFileInteractability: false, timeouts: {implicit: 0, pageLoad: 300000, script: 30000}, unhandledPromptBehavior: dismiss and notify, webauthn:extension:credBlob: true, webauthn:extension:largeBlob: true, webauthn:extension:minPinLength: true, webauthn:extension:prf: true, webauthn:virtualAuthenticators: true}
Session ID: 37302ff9764130ef45d4f45b8d904430]]>
            </message>
            <full-stacktrace>
              <![CDATA[org.openqa.selenium.NoSuchElementException: no such element: Unable to locate element: {"method":"link text","selector":"Logout"}
  (Session info: chrome=139.0.7258.155)
For documentation on this error, please visit: https://www.selenium.dev/documentation/webdriver/troubleshooting/errors#no-such-element-exception
Build info: version: '4.23.0', revision: '4df0a231af'
System info: os.name: 'Windows 11', os.arch: 'amd64', os.version: '10.0', java.version: '21.0.3'
Driver info: org.openqa.selenium.chrome.ChromeDriver
Command: [37302ff9764130ef45d4f45b8d904430, findElement {value=Logout, using=link text}]
Capabilities {acceptInsecureCerts: false, browserName: chrome, browserVersion: 139.0.7258.155, chrome: {chromedriverVersion: 139.0.7258.154 (9e0d6b2b47f..., userDataDir: C:\Users\kusuma\AppData\Loc...}, fedcm:accounts: true, goog:chromeOptions: {debuggerAddress: localhost:54532}, networkConnectionEnabled: false, pageLoadStrategy: normal, platformName: windows, proxy: Proxy(), se:cdp: ws://localhost:54532/devtoo..., se:cdpVersion: 139.0.7258.155, setWindowRect: true, strictFileInteractability: false, timeouts: {implicit: 0, pageLoad: 300000, script: 30000}, unhandledPromptBehavior: dismiss and notify, webauthn:extension:credBlob: true, webauthn:extension:largeBlob: true, webauthn:extension:minPinLength: true, webauthn:extension:prf: true, webauthn:virtualAuthenticators: true}
Session ID: 37302ff9764130ef45d4f45b8d904430
at java.base/jdk.internal.reflect.DirectConstructorHandleAccessor.newInstance(DirectConstructorHandleAccessor.java:62)
at java.base/java.lang.reflect.Constructor.newInstanceWithCaller(Constructor.java:502)
at java.base/java.lang.reflect.Constructor.newInstance(Constructor.java:486)
at org.openqa.selenium.remote.ErrorCodec.decode(ErrorCodec.java:167)
at org.openqa.selenium.remote.codec.w3c.W3CHttpResponseCodec.decode(W3CHttpResponseCodec.java:138)
at org.openqa.selenium.remote.codec.w3c.W3CHttpResponseCodec.decode(W3CHttpResponseCodec.java:50)
at org.openqa.selenium.remote.HttpCommandExecutor.execute(HttpCommandExecutor.java:190)
at org.openqa.selenium.remote.service.DriverCommandExecutor.invokeExecute(DriverCommandExecutor.java:216)
at org.openqa.selenium.remote.service.DriverCommandExecutor.execute(DriverCommandExecutor.java:174)
at org.openqa.selenium.remote.RemoteWebDriver.execute(RemoteWebDriver.java:527)
at org.openqa.selenium.remote.ElementLocation$ElementFinder$2.findElement(ElementLocation.java:165)
at org.openqa.selenium.remote.ElementLocation.findElement(ElementLocation.java:59)
at org.openqa.selenium.remote.RemoteWebDriver.findElement(RemoteWebDriver.java:357)
at org.openqa.selenium.remote.RemoteWebDriver.findElement(RemoteWebDriver.java:351)
at org.openqa.selenium.support.pagefactory.DefaultElementLocator.findElement(DefaultElementLocator.java:68)
at org.openqa.selenium.support.pagefactory.internal.LocatingElementHandler.invoke(LocatingElementHandler.java:38)
at jdk.proxy2/jdk.proxy2.$Proxy15.isDisplayed(Unknown Source)
at Pages.Loginsuccesspage.check_Logoutmessage(Loginsuccesspage.java:19)
at qafoxpage.loginfordatadriven.loginusing_validcredentials(loginfordatadriven.java:58)
at java.base/jdk.internal.reflect.DirectMethodHandleAccessor.invoke(DirectMethodHandleAccessor.java:103)
at java.base/java.lang.reflect.Method.invoke(Method.java:580)
at org.testng.internal.invokers.MethodInvocationHelper.invokeMethod(MethodInvocationHelper.java:141)
at org.testng.internal.invokers.TestInvoker.invokeMethod(TestInvoker.java:686)
at org.testng.internal.invokers.TestInvoker.invokeTestMethod(TestInvoker.java:230)
at org.testng.internal.invokers.MethodRunner.runInSequence(MethodRunner.java:63)
at org.testng.internal.invokers.TestInvoker$MethodInvocationAgent.invoke(TestInvoker.java:992)
at org.testng.internal.invokers.TestInvoker.invokeTestMethods(TestInvoker.java:203)
at org.testng.internal.invokers.TestMethodWorker.invokeTestMethods(TestMethodWorker.java:154)
at org.testng.internal.invokers.TestMethodWorker.run(TestMethodWorker.java:134)
at java.base/java.util.ArrayList.forEach(ArrayList.java:1596)
at org.testng.TestRunner.privateRun(TestRunner.java:739)
at org.testng.TestRunner.run(TestRunner.java:614)
at org.testng.SuiteRunner.runTest(SuiteRunner.java:421)
at org.testng.SuiteRunner.runSequentially(SuiteRunner.java:413)
at org.testng.SuiteRunner.privateRun(SuiteRunner.java:373)
at org.testng.SuiteRunner.run(SuiteRunner.java:312)
at org.testng.SuiteRunnerWorker.runSuite(SuiteRunnerWorker.java:52)
at org.testng.SuiteRunnerWorker.run(SuiteRunnerWorker.java:95)
at org.testng.TestNG.runSuitesSequentially(TestNG.java:1274)
at org.testng.TestNG.runSuitesLocally(TestNG.java:1208)
at org.testng.TestNG.runSuites(TestNG.java:1112)
at org.testng.TestNG.run(TestNG.java:1079)
at org.testng.remote.AbstractRemoteTestNG.run(AbstractRemoteTestNG.java:115)
at org.testng.remote.RemoteTestNG.initAndRun(RemoteTestNG.java:293)
at org.testng.remote.RemoteTestNG.main(RemoteTestNG.java:91)
]]>
            </full-stacktrace>
          </exception> <!-- org.openqa.selenium.NoSuchElementException -->
          <reporter-output>
          </reporter-output>
        </test-method> <!-- loginusing_validcredentials -->
        <test-method is-config="true" signature="teardown()[pri:0, instance:qafoxpage.loginfordatadriven@22ff4249]" started-at="2025-09-16T11:20:10 IST" name="teardown" finished-at="2025-09-16T11:20:12 IST" duration-ms="2362" status="PASS">
          <reporter-output>
          </reporter-output>
        </test-method> <!-- teardown -->
        <test-method signature="loginusing_validcredentials(java.util.HashMap)[pri:0, instance:qafoxpage.loginfordatadriven@22ff4249]" started-at="2025-09-16T11:20:12 IST" name="loginusing_validcredentials" data-provider="supplydata" finished-at="2025-09-16T11:20:19 IST" duration-ms="6783" status="PASS">
          <params>
            <param index="0">
              <value>
                <![CDATA[{Runmode=Y, ExpectedResult=Success, Username=tranm143@gmail.com, Browser=Edge, Password=Policy@096}]]>
              </value>
            </param>
          </params>
          <reporter-output>
          </reporter-output>
        </test-method> <!-- loginusing_validcredentials -->
        <test-method is-config="true" signature="teardown()[pri:0, instance:qafoxpage.loginfordatadriven@22ff4249]" started-at="2025-09-16T11:20:19 IST" name="teardown" finished-at="2025-09-16T11:20:19 IST" duration-ms="331" status="PASS">
          <reporter-output>
          </reporter-output>
        </test-method> <!-- teardown -->
      </class> <!-- qafoxpage.loginfordatadriven -->
    </test> <!-- Test1 -->
  </suite> <!-- Suite1 -->
</testng-results>
