<?xml version="1.0" encoding="UTF-8"?>
<!-- Generated by org.testng.reporters.JUnitXMLReporter -->
<testsuite ignored="0" hostname="DESKTOP-906HLBK" failures="0" tests="5" name="Default test" time="40.266" errors="0" timestamp="2026-04-19T17:33:26 IST">
  <testcase classname="tests.loginpagecase" name="logindiffernetCredentials" time="3.389"/>
  <testcase classname="tests.loginpagecase" name="logindiffernetCredentials" time="3.506"/>
  <testcase classname="tests.loginpagecase" name="logindiffernetCredentials" time="3.456"/>
  <testcase classname="tests.loginpagecase" name="logindiffernetCredentials" time="3.337"/>
  <testcase classname="tests.loginpagecase" name="logindiffernetCredentials" time="2.901"/>
</testsuite> <!-- Default test -->
