<?xml version="1.0" encoding="UTF-8"?>
<!-- Generated by org.testng.reporters.JUnitXMLReporter -->
<testsuite ignored="0" hostname="DESKTOP-906HLBK" failures="1" tests="17" name="Test" time="135.941" errors="0" timestamp="2026-04-19T18:20:10 IST">
  <testcase classname="tests.RegisterTest" name="verifyRegisteringUsingMandatoryFields" time="7.336"/>
  <testcase classname="tests.RegisterTest" name="verifyRegisteringAccountUsingAllFields" time="6.255"/>
  <testcase classname="tests.RegisterTest" name="verifyRegisteringAccountBySelectingYesNewsletterOption" time="6.99"/>
  <testcase classname="tests.RegisterTest" name="verifyRegisteringAccountBySelectingNoNewsletterOption" time="7.414"/>
  <testcase classname="tests.RegisterTest" name="verifyPrivacyPolicySelectionStatusInRegisterAccountPage" time="0.249"/>
  <testcase classname="tests.LoginTest" name="verifyLoggingIntoApplicationUsingValidCredentials" time="3.888"/>
  <testcase classname="tests.LoginTest" name="verifyLoggingIntoApplicationUsingValidCredentials" time="2.54"/>
  <testcase classname="tests.LoginTest" name="verifyLoggingIntoApplicationUsingValidCredentials" time="2.337"/>
  <testcase classname="tests.LoginTest" name="verifyLoggingIntoApplicationUsingValidCredentials" time="2.348"/>
  <testcase classname="tests.LoginTest" name="verifyLoggingIntoApplicationUsingValidCredentials" time="2.376"/>
  <testcase classname="tests.LoginTest" name="verifyLoggingIntoApplicationUsingInvalidCredentials" time="2.36"/>
  <testcase classname="tests.LoginTest" name="verifyLoggingIntoApplicationUsingInvalidEmailAndValidPassword" time="2.129"/>
  <testcase classname="tests.LoginTest" name="verifyLoggingIntoApplicationUsingValidEmailAndValidPassword" time="2.111"/>
  <testcase classname="tests.LoginTest" name="verifyLoggingIntoApplicationWithoutEnteringCredentials" time="1.602">
    <failure type="java.lang.AssertionError" message="did not expect [Warning: No match for E-Mail Address and/or Password.] but found [Warning: No match for E-Mail Address and/or Password.]">
      <![CDATA[java.lang.AssertionError: did not expect [Warning: No match for E-Mail Address and/or Password.] but found [Warning: No match for E-Mail Address and/or Password.]
at tests.LoginTest.verifyLoggingIntoApplicationWithoutEnteringCredentials(LoginTest.java:94)
at java.base/java.util.ArrayList.forEach(ArrayList.java:1596)
... Removed 30 stack frames]]>
    </failure>
  </testcase> <!-- verifyLoggingIntoApplicationWithoutEnteringCredentials -->
  <testcase classname="tests.SearchTest" name="verifySearchingWithExistingProduct" time="1.3"/>
  <testcase classname="tests.SearchTest" name="verifySearchingWithNonExistingProductName" time="1.523"/>
  <testcase classname="tests.SearchTest" name="verifySearchingWithoutProvidingProductName" time="0.647"/>
</testsuite> <!-- Test -->
