<?xml version="1.0" encoding="UTF-8"?>
<!-- Generated by org.testng.reporters.JUnitXMLReporter -->
<testsuite ignored="0" hostname="DESKTOP-906HLBK" failures="0" tests="4" name="test2" time="13.144" errors="0" timestamp="2024-08-16T17:52:44 IST">
  <testcase classname="testngcase.validdetailsdemo" name="lwvc" time="4.53"/>
  <testcase classname="testngcase.invaliddetailsdemo" name="lwveip" time="0.78"/>
  <testcase classname="testngcase.invaliddetailsdemo" name="lwievp" time="0.787"/>
  <testcase classname="testngcase.invaliddetailsdemo" name="lwieip" time="0.764"/>
</testsuite> <!-- test2 -->
