<?xml version="1.0" encoding="UTF-8"?>
<!-- Generated by org.testng.reporters.JUnitXMLReporter -->
<testsuite ignored="0" hostname="DESKTOP-906HLBK" failures="0" tests="4" name="Default test" time="0.625" errors="0" timestamp="2025-08-23T18:32:14 IST">
  <testcase classname="qafoxpage.registerdatadriven1" name="case1" time="0.009">
    <skipped/>
  </testcase> <!-- case1 -->
  <testcase classname="qafoxpage.registerdatadriven1" name="case1" time="0.001">
    <skipped/>
  </testcase> <!-- case1 -->
  <testcase classname="qafoxpage.registerdatadriven1" name="case1" time="0.001">
    <skipped/>
  </testcase> <!-- case1 -->
  <testcase classname="qafoxpage.registerdatadriven1" name="case1" time="0.001">
    <skipped/>
  </testcase> <!-- case1 -->
</testsuite> <!-- Default test -->
