<?xml version="1.0" encoding="UTF-8"?>
<!-- Generated by org.testng.reporters.JUnitXMLReporter -->
<testsuite ignored="0" hostname="DESKTOP-906HLBK" failures="0" tests="5" name="Firsttest" time="10.626" errors="0" timestamp="2024-08-10T19:34:00 IST">
  <testcase classname="testngcase.logindemo2" name="loginwithvalidcredentials" time="1.144"/>
  <testcase classname="testngcase.logindemo2" name="loginwithvalidmailinvalidpassword" time="0.928"/>
  <testcase classname="testngcase.logindemo2" name="loginwithinvalidemailvalidpassword" time="0.68"/>
  <testcase classname="testngcase.Beforeafterclassdemocase1" name="sample1" time="0.004"/>
  <testcase classname="testngcase.Beforeafterclassdemocase1" name="sample2" time="0.001"/>
</testsuite> <!-- Firsttest -->
