<?xml version="1.0" encoding="UTF-8"?>
<!-- Generated by org.testng.reporters.JUnitXMLReporter -->
<testsuite ignored="0" hostname="DESKTOP-906HLBK" failures="2" tests="6" name="Secondtest" time="0.059" errors="0" timestamp="2024-08-10T19:34:00 IST">
  <testcase classname="testngcase.assertiondemocase1" name="sample1" time="0.002"/>
  <testcase classname="testngcase.assertiondemocase1" name="sample2" time="0.002"/>
  <testcase classname="testngcase.assertiondemocase1" name="sample3" time="0.014">
    <failure type="java.lang.AssertionError" message="expected [false] but found [true]">
      <![CDATA[java.lang.AssertionError: expected [false] but found [true]
at testngcase.assertiondemocase1.sample3(assertiondemocase1.java:34)
at java.base/java.util.ArrayList.forEach(ArrayList.java:1596)
... Removed 29 stack frames]]>
    </failure>
  </testcase> <!-- sample3 -->
  <testcase classname="testngcase.assertiondemocase1" name="sample4" time="0.002">
    <failure type="java.lang.AssertionError" message="Not eligible for voting">
      <![CDATA[java.lang.AssertionError: Not eligible for voting
at testngcase.assertiondemocase1.sample4(assertiondemocase1.java:46)
at java.base/java.util.ArrayList.forEach(ArrayList.java:1596)
... Removed 26 stack frames]]>
    </failure>
  </testcase> <!-- sample4 -->
  <testcase classname="testngcase.Beforeaftermethoddemocase" name="sample1" time="0.003"/>
  <testcase classname="testngcase.Beforeaftermethoddemocase" name="sample2" time="0.001"/>
</testsuite> <!-- Secondtest -->
