<?xml version="1.0" encoding="UTF-8"?>
<!-- Generated by org.testng.reporters.JUnitXMLReporter -->
<testsuite ignored="0" hostname="DESKTOP-906HLBK" failures="0" tests="8" name="Test" time="78.74" errors="0" timestamp="2024-09-04T20:28:27 IST">
  <testcase classname="qafoxloginpage.register" name="registerpage" time="8.329"/>
  <testcase classname="qafoxloginpage.register" name="registerpage" time="5.078"/>
  <testcase classname="qafoxloginpage.register" name="registerpage" time="8.047"/>
  <testcase classname="qafoxloginpage.register" name="registerpage" time="0.0">
    <skipped/>
  </testcase> <!-- registerpage -->
  <testcase classname="qafoxloginpage.login" name="loginfunctionality" time="3.985"/>
  <testcase classname="qafoxloginpage.login" name="loginfunctionality" time="4.441"/>
  <testcase classname="qafoxloginpage.login" name="loginfunctionality" time="0.0">
    <skipped/>
  </testcase> <!-- loginfunctionality -->
  <testcase classname="qafoxloginpage.login" name="loginfunctionality" time="5.145"/>
</testsuite> <!-- Test -->
