<?xml version="1.0" encoding="UTF-8"?>
<!-- Generated by org.testng.reporters.JUnitXMLReporter -->
<testsuite ignored="2" hostname="DESKTOP-906HLBK" failures="2" tests="3" name="testcase5" time="3.065" errors="0" timestamp="2024-08-17T11:41:06 IST">
  <testcase classname="testngcase.invaliddetailsdemo" name="lwveip" time="0.015">
    <failure type="java.lang.NullPointerException" message="Cannot invoke &amp;quot;org.openqa.selenium.WebDriver.findElement(org.openqa.selenium.By)&amp;quot; because &amp;quot;this.driver&amp;quot; is null">
      <![CDATA[java.lang.NullPointerException: Cannot invoke "org.openqa.selenium.WebDriver.findElement(org.openqa.selenium.By)" because "this.driver" is null
at testngcase.invaliddetailsdemo.lwveip(invaliddetailsdemo.java:38)
at java.base/java.util.ArrayList.forEach(ArrayList.java:1596)
... Removed 25 stack frames]]>
    </failure>
  </testcase> <!-- lwveip -->
  <testcase classname="testngcase.invaliddetailsdemo" name="lwieip" time="0.001">
    <failure type="java.lang.NullPointerException" message="Cannot invoke &amp;quot;org.openqa.selenium.WebDriver.findElement(org.openqa.selenium.By)&amp;quot; because &amp;quot;this.driver&amp;quot; is null">
      <![CDATA[java.lang.NullPointerException: Cannot invoke "org.openqa.selenium.WebDriver.findElement(org.openqa.selenium.By)" because "this.driver" is null
at testngcase.invaliddetailsdemo.lwieip(invaliddetailsdemo.java:64)
at java.base/java.util.ArrayList.forEach(ArrayList.java:1596)
... Removed 25 stack frames]]>
    </failure>
  </testcase> <!-- lwieip -->
  <testcase classname="testngcase.searchingdemo" name="tablet" time="2.998"/>
  <testcase classname="testngcase.invaliddetailsdemo" name="lwievp" time="0.0">
    <ignored/>
  </testcase> <!-- lwievp -->
  <testcase classname="testngcase.validdetailsdemo" name="lwvc" time="0.0">
    <ignored/>
  </testcase> <!-- lwvc -->
</testsuite> <!-- testcase5 -->
