<?xml version="1.0" encoding="UTF-8"?>
<!-- Generated by org.testng.reporters.JUnitXMLReporter -->
<testsuite ignored="0" hostname="DESKTOP-906HLBK" failures="1" tests="5" name="test3" time="14.234" errors="0" timestamp="2024-08-16T19:44:31 IST">
  <testcase classname="testngcasedemo1.invaliddetailsdemo" name="lwveip" time="0.566">
    <failure type="java.lang.AssertionError" message="expected [Warning: Your account has exceeded allowed number of login attempts. Please try again in 1 hour.] but found [Warning: No match for E-Mail Address and/or Password.]">
      <![CDATA[java.lang.AssertionError: expected [Warning: Your account has exceeded allowed number of login attempts. Please try again in 1 hour.] but found [Warning: No match for E-Mail Address and/or Password.]
at testngcasedemo1.invaliddetailsdemo.lwveip(invaliddetailsdemo.java:46)
at java.base/java.util.ArrayList.forEach(ArrayList.java:1596)
... Removed 31 stack frames]]>
    </failure>
  </testcase> <!-- lwveip -->
  <testcase classname="testngcasedemo1.invaliddetailsdemo" name="lwievp" time="0.696"/>
  <testcase classname="testngcasedemo1.invaliddetailsdemo" name="lwieip" time="0.653"/>
  <testcase classname="testngcasedemo1.searchingdemo" name="tablet" time="2.462"/>
  <testcase classname="testngcasedemo1.validdetailsdemo" name="lwvc" time="3.057"/>
</testsuite> <!-- test3 -->
