<?xml version="1.0" encoding="UTF-8"?>
<testng-results ignored="0" total="17" passed="16" failed="1" skipped="0">
  <reporter-output>
  </reporter-output>
  <suite started-at="2026-04-19T18:17:52 IST" name="Suite" finished-at="2026-04-19T18:20:08 IST" duration-ms="135941">
    <groups>
    </groups>
    <test started-at="2026-04-19T18:17:52 IST" name="Test" finished-at="2026-04-19T18:20:08 IST" duration-ms="135941">
      <class name="tests.LoginTest">
        <test-method is-config="true" signature="setup()[pri:0, instance:tests.LoginTest@31190526]" started-at="2026-04-19T18:18:52 IST" name="setup" finished-at="2026-04-19T18:18:58 IST" duration-ms="5770" status="PASS">
          <reporter-output>
          </reporter-output>
        </test-method> <!-- setup -->
        <test-method signature="verifyLoggingIntoApplicationUsingValidCredentials(java.util.HashMap)[pri:1, instance:tests.LoginTest@31190526]" started-at="2026-04-19T18:18:58 IST" name="verifyLoggingIntoApplicationUsingValidCredentials" data-provider="validCredentialsSupplier" finished-at="2026-04-19T18:19:02 IST" duration-ms="3888" status="PASS">
          <params>
            <param index="0">
              <value>
                <![CDATA[{Email=amotooribatch5fone1@gmail.com, Password=abcde}]]>
              </value>
            </param>
          </params>
          <reporter-output>
          </reporter-output>
        </test-method> <!-- verifyLoggingIntoApplicationUsingValidCredentials -->
        <test-method is-config="true" signature="teardown()[pri:0, instance:tests.LoginTest@31190526]" started-at="2026-04-19T18:19:02 IST" name="teardown" finished-at="2026-04-19T18:19:02 IST" duration-ms="554" status="PASS">
          <reporter-output>
          </reporter-output>
        </test-method> <!-- teardown -->
        <test-method is-config="true" signature="setup()[pri:0, instance:tests.LoginTest@31190526]" started-at="2026-04-19T18:19:02 IST" name="setup" finished-at="2026-04-19T18:19:07 IST" duration-ms="4066" status="PASS">
          <reporter-output>
          </reporter-output>
        </test-method> <!-- setup -->
        <test-method signature="verifyLoggingIntoApplicationUsingValidCredentials(java.util.HashMap)[pri:1, instance:tests.LoginTest@31190526]" started-at="2026-04-19T18:19:07 IST" name="verifyLoggingIntoApplicationUsingValidCredentials" data-provider="validCredentialsSupplier" finished-at="2026-04-19T18:19:09 IST" duration-ms="2540" status="PASS">
          <params>
            <param index="0">
              <value>
                <![CDATA[{Email=amotooribatch5fone2@gmail.com, Password=abcde}]]>
              </value>
            </param>
          </params>
          <reporter-output>
          </reporter-output>
        </test-method> <!-- verifyLoggingIntoApplicationUsingValidCredentials -->
        <test-method is-config="true" signature="teardown()[pri:0, instance:tests.LoginTest@31190526]" started-at="2026-04-19T18:19:09 IST" name="teardown" finished-at="2026-04-19T18:19:09 IST" duration-ms="380" status="PASS">
          <reporter-output>
          </reporter-output>
        </test-method> <!-- teardown -->
        <test-method is-config="true" signature="setup()[pri:0, instance:tests.LoginTest@31190526]" started-at="2026-04-19T18:19:09 IST" name="setup" finished-at="2026-04-19T18:19:13 IST" duration-ms="3425" status="PASS">
          <reporter-output>
          </reporter-output>
        </test-method> <!-- setup -->
        <test-method signature="verifyLoggingIntoApplicationUsingValidCredentials(java.util.HashMap)[pri:1, instance:tests.LoginTest@31190526]" started-at="2026-04-19T18:19:13 IST" name="verifyLoggingIntoApplicationUsingValidCredentials" data-provider="validCredentialsSupplier" finished-at="2026-04-19T18:19:15 IST" duration-ms="2337" status="PASS">
          <params>
            <param index="0">
              <value>
                <![CDATA[{Email=amotooribatch5fone3@gmail.com, Password=abcde}]]>
              </value>
            </param>
          </params>
          <reporter-output>
          </reporter-output>
        </test-method> <!-- verifyLoggingIntoApplicationUsingValidCredentials -->
        <test-method is-config="true" signature="teardown()[pri:0, instance:tests.LoginTest@31190526]" started-at="2026-04-19T18:19:15 IST" name="teardown" finished-at="2026-04-19T18:19:15 IST" duration-ms="271" status="PASS">
          <reporter-output>
          </reporter-output>
        </test-method> <!-- teardown -->
        <test-method is-config="true" signature="setup()[pri:0, instance:tests.LoginTest@31190526]" started-at="2026-04-19T18:19:15 IST" name="setup" finished-at="2026-04-19T18:19:19 IST" duration-ms="3283" status="PASS">
          <reporter-output>
          </reporter-output>
        </test-method> <!-- setup -->
        <test-method signature="verifyLoggingIntoApplicationUsingValidCredentials(java.util.HashMap)[pri:1, instance:tests.LoginTest@31190526]" started-at="2026-04-19T18:19:19 IST" name="verifyLoggingIntoApplicationUsingValidCredentials" data-provider="validCredentialsSupplier" finished-at="2026-04-19T18:19:21 IST" duration-ms="2348" status="PASS">
          <params>
            <param index="0">
              <value>
                <![CDATA[{Email=amotooribatch5fone4@gmail.com, Password=abcde}]]>
              </value>
            </param>
          </params>
          <reporter-output>
          </reporter-output>
        </test-method> <!-- verifyLoggingIntoApplicationUsingValidCredentials -->
        <test-method is-config="true" signature="teardown()[pri:0, instance:tests.LoginTest@31190526]" started-at="2026-04-19T18:19:21 IST" name="teardown" finished-at="2026-04-19T18:19:21 IST" duration-ms="254" status="PASS">
          <reporter-output>
          </reporter-output>
        </test-method> <!-- teardown -->
        <test-method is-config="true" signature="setup()[pri:0, instance:tests.LoginTest@31190526]" started-at="2026-04-19T18:19:21 IST" name="setup" finished-at="2026-04-19T18:19:25 IST" duration-ms="3437" status="PASS">
          <reporter-output>
          </reporter-output>
        </test-method> <!-- setup -->
        <test-method signature="verifyLoggingIntoApplicationUsingValidCredentials(java.util.HashMap)[pri:1, instance:tests.LoginTest@31190526]" started-at="2026-04-19T18:19:25 IST" name="verifyLoggingIntoApplicationUsingValidCredentials" data-provider="validCredentialsSupplier" finished-at="2026-04-19T18:19:27 IST" duration-ms="2376" status="PASS">
          <params>
            <param index="0">
              <value>
                <![CDATA[{Email=amotooribatch5fone5@gmail.com, Password=abcde}]]>
              </value>
            </param>
          </params>
          <reporter-output>
          </reporter-output>
        </test-method> <!-- verifyLoggingIntoApplicationUsingValidCredentials -->
        <test-method is-config="true" signature="teardown()[pri:0, instance:tests.LoginTest@31190526]" started-at="2026-04-19T18:19:27 IST" name="teardown" finished-at="2026-04-19T18:19:27 IST" duration-ms="237" status="PASS">
          <reporter-output>
          </reporter-output>
        </test-method> <!-- teardown -->
        <test-method is-config="true" signature="setup()[pri:0, instance:tests.LoginTest@31190526]" started-at="2026-04-19T18:19:27 IST" name="setup" finished-at="2026-04-19T18:19:31 IST" duration-ms="3231" status="PASS">
          <reporter-output>
          </reporter-output>
        </test-method> <!-- setup -->
        <test-method signature="verifyLoggingIntoApplicationUsingInvalidCredentials()[pri:2, instance:tests.LoginTest@31190526]" started-at="2026-04-19T18:19:31 IST" name="verifyLoggingIntoApplicationUsingInvalidCredentials" finished-at="2026-04-19T18:19:33 IST" duration-ms="2360" status="PASS">
          <reporter-output>
          </reporter-output>
        </test-method> <!-- verifyLoggingIntoApplicationUsingInvalidCredentials -->
        <test-method is-config="true" signature="teardown()[pri:0, instance:tests.LoginTest@31190526]" started-at="2026-04-19T18:19:33 IST" name="teardown" finished-at="2026-04-19T18:19:33 IST" duration-ms="273" status="PASS">
          <reporter-output>
          </reporter-output>
        </test-method> <!-- teardown -->
        <test-method is-config="true" signature="setup()[pri:0, instance:tests.LoginTest@31190526]" started-at="2026-04-19T18:19:33 IST" name="setup" finished-at="2026-04-19T18:19:38 IST" duration-ms="4881" status="PASS">
          <reporter-output>
          </reporter-output>
        </test-method> <!-- setup -->
        <test-method signature="verifyLoggingIntoApplicationUsingInvalidEmailAndValidPassword()[pri:3, instance:tests.LoginTest@31190526]" started-at="2026-04-19T18:19:38 IST" name="verifyLoggingIntoApplicationUsingInvalidEmailAndValidPassword" finished-at="2026-04-19T18:19:40 IST" duration-ms="2129" status="PASS">
          <reporter-output>
          </reporter-output>
        </test-method> <!-- verifyLoggingIntoApplicationUsingInvalidEmailAndValidPassword -->
        <test-method is-config="true" signature="teardown()[pri:0, instance:tests.LoginTest@31190526]" started-at="2026-04-19T18:19:40 IST" name="teardown" finished-at="2026-04-19T18:19:41 IST" duration-ms="300" status="PASS">
          <reporter-output>
          </reporter-output>
        </test-method> <!-- teardown -->
        <test-method is-config="true" signature="setup()[pri:0, instance:tests.LoginTest@31190526]" started-at="2026-04-19T18:19:41 IST" name="setup" finished-at="2026-04-19T18:19:46 IST" duration-ms="5242" status="PASS">
          <reporter-output>
          </reporter-output>
        </test-method> <!-- setup -->
        <test-method signature="verifyLoggingIntoApplicationUsingValidEmailAndValidPassword()[pri:4, instance:tests.LoginTest@31190526]" started-at="2026-04-19T18:19:46 IST" name="verifyLoggingIntoApplicationUsingValidEmailAndValidPassword" finished-at="2026-04-19T18:19:48 IST" duration-ms="2111" status="PASS">
          <reporter-output>
          </reporter-output>
        </test-method> <!-- verifyLoggingIntoApplicationUsingValidEmailAndValidPassword -->
        <test-method is-config="true" signature="teardown()[pri:0, instance:tests.LoginTest@31190526]" started-at="2026-04-19T18:19:48 IST" name="teardown" finished-at="2026-04-19T18:19:48 IST" duration-ms="224" status="PASS">
          <reporter-output>
          </reporter-output>
        </test-method> <!-- teardown -->
        <test-method is-config="true" signature="setup()[pri:0, instance:tests.LoginTest@31190526]" started-at="2026-04-19T18:19:48 IST" name="setup" finished-at="2026-04-19T18:19:52 IST" duration-ms="3542" status="PASS">
          <reporter-output>
          </reporter-output>
        </test-method> <!-- setup -->
        <test-method signature="verifyLoggingIntoApplicationWithoutEnteringCredentials()[pri:5, instance:tests.LoginTest@31190526]" started-at="2026-04-19T18:19:52 IST" name="verifyLoggingIntoApplicationWithoutEnteringCredentials" finished-at="2026-04-19T18:19:53 IST" duration-ms="1602" status="FAIL">
          <exception class="java.lang.AssertionError">
            <message>
              <![CDATA[did not expect [Warning: No match for E-Mail Address and/or Password.] but found [Warning: No match for E-Mail Address and/or Password.]]]>
            </message>
            <full-stacktrace>
              <![CDATA[java.lang.AssertionError: did not expect [Warning: No match for E-Mail Address and/or Password.] but found [Warning: No match for E-Mail Address and/or Password.]
at org.testng.Assert.fail(Assert.java:111)
at org.testng.Assert.failEquals(Assert.java:1582)
at org.testng.Assert.assertNotEqualsImpl(Assert.java:157)
at org.testng.Assert.assertNotEquals(Assert.java:2201)
at org.testng.Assert.assertNotEquals(Assert.java:2223)
at tests.LoginTest.verifyLoggingIntoApplicationWithoutEnteringCredentials(LoginTest.java:94)
at java.base/jdk.internal.reflect.DirectMethodHandleAccessor.invoke(DirectMethodHandleAccessor.java:103)
at java.base/java.lang.reflect.Method.invoke(Method.java:580)
at org.testng.internal.invokers.MethodInvocationHelper.invokeMethod(MethodInvocationHelper.java:141)
at org.testng.internal.invokers.TestInvoker.invokeMethod(TestInvoker.java:686)
at org.testng.internal.invokers.TestInvoker.invokeTestMethod(TestInvoker.java:230)
at org.testng.internal.invokers.MethodRunner.runInSequence(MethodRunner.java:63)
at org.testng.internal.invokers.TestInvoker$MethodInvocationAgent.invoke(TestInvoker.java:992)
at org.testng.internal.invokers.TestInvoker.invokeTestMethods(TestInvoker.java:203)
at org.testng.internal.invokers.TestMethodWorker.invokeTestMethods(TestMethodWorker.java:154)
at org.testng.internal.invokers.TestMethodWorker.run(TestMethodWorker.java:134)
at java.base/java.util.ArrayList.forEach(ArrayList.java:1596)
at org.testng.TestRunner.privateRun(TestRunner.java:739)
at org.testng.TestRunner.run(TestRunner.java:614)
at org.testng.SuiteRunner.runTest(SuiteRunner.java:421)
at org.testng.SuiteRunner.runSequentially(SuiteRunner.java:413)
at org.testng.SuiteRunner.privateRun(SuiteRunner.java:373)
at org.testng.SuiteRunner.run(SuiteRunner.java:312)
at org.testng.SuiteRunnerWorker.runSuite(SuiteRunnerWorker.java:52)
at org.testng.SuiteRunnerWorker.run(SuiteRunnerWorker.java:95)
at org.testng.TestNG.runSuitesSequentially(TestNG.java:1274)
at org.testng.TestNG.runSuitesLocally(TestNG.java:1208)
at org.testng.TestNG.runSuites(TestNG.java:1112)
at org.testng.TestNG.run(TestNG.java:1079)
at org.testng.remote.AbstractRemoteTestNG.run(AbstractRemoteTestNG.java:115)
at org.testng.remote.RemoteTestNG.initAndRun(RemoteTestNG.java:293)
at org.testng.remote.RemoteTestNG.main(RemoteTestNG.java:91)
]]>
            </full-stacktrace>
          </exception> <!-- java.lang.AssertionError -->
          <reporter-output>
          </reporter-output>
        </test-method> <!-- verifyLoggingIntoApplicationWithoutEnteringCredentials -->
        <test-method is-config="true" signature="teardown()[pri:0, instance:tests.LoginTest@31190526]" started-at="2026-04-19T18:19:54 IST" name="teardown" finished-at="2026-04-19T18:19:54 IST" duration-ms="480" status="PASS">
          <reporter-output>
          </reporter-output>
        </test-method> <!-- teardown -->
      </class> <!-- tests.LoginTest -->
      <class name="tests.RegisterTest">
        <test-method is-config="true" signature="setup()[pri:0, instance:tests.RegisterTest@639c2c1d]" started-at="2026-04-19T18:17:52 IST" name="setup" finished-at="2026-04-19T18:17:58 IST" duration-ms="5733" status="PASS">
          <reporter-output>
          </reporter-output>
        </test-method> <!-- setup -->
        <test-method signature="verifyRegisteringUsingMandatoryFields()[pri:1, instance:tests.RegisterTest@639c2c1d]" started-at="2026-04-19T18:17:58 IST" name="verifyRegisteringUsingMandatoryFields" finished-at="2026-04-19T18:18:05 IST" duration-ms="7336" status="PASS">
          <reporter-output>
          </reporter-output>
        </test-method> <!-- verifyRegisteringUsingMandatoryFields -->
        <test-method is-config="true" signature="teardown()[pri:0, instance:tests.RegisterTest@639c2c1d]" started-at="2026-04-19T18:18:05 IST" name="teardown" finished-at="2026-04-19T18:18:06 IST" duration-ms="562" status="PASS">
          <reporter-output>
          </reporter-output>
        </test-method> <!-- teardown -->
        <test-method is-config="true" signature="setup()[pri:0, instance:tests.RegisterTest@639c2c1d]" started-at="2026-04-19T18:18:06 IST" name="setup" finished-at="2026-04-19T18:18:10 IST" duration-ms="4474" status="PASS">
          <reporter-output>
          </reporter-output>
        </test-method> <!-- setup -->
        <test-method signature="verifyRegisteringAccountUsingAllFields()[pri:2, instance:tests.RegisterTest@639c2c1d]" started-at="2026-04-19T18:18:10 IST" name="verifyRegisteringAccountUsingAllFields" finished-at="2026-04-19T18:18:17 IST" duration-ms="6255" status="PASS">
          <reporter-output>
          </reporter-output>
        </test-method> <!-- verifyRegisteringAccountUsingAllFields -->
        <test-method is-config="true" signature="teardown()[pri:0, instance:tests.RegisterTest@639c2c1d]" started-at="2026-04-19T18:18:17 IST" name="teardown" finished-at="2026-04-19T18:18:17 IST" duration-ms="459" status="PASS">
          <reporter-output>
          </reporter-output>
        </test-method> <!-- teardown -->
        <test-method is-config="true" signature="setup()[pri:0, instance:tests.RegisterTest@639c2c1d]" started-at="2026-04-19T18:18:17 IST" name="setup" finished-at="2026-04-19T18:18:22 IST" duration-ms="4736" status="PASS">
          <reporter-output>
          </reporter-output>
        </test-method> <!-- setup -->
        <test-method signature="verifyRegisteringAccountBySelectingYesNewsletterOption()[pri:3, instance:tests.RegisterTest@639c2c1d]" started-at="2026-04-19T18:18:22 IST" name="verifyRegisteringAccountBySelectingYesNewsletterOption" finished-at="2026-04-19T18:18:29 IST" duration-ms="6990" status="PASS">
          <reporter-output>
          </reporter-output>
        </test-method> <!-- verifyRegisteringAccountBySelectingYesNewsletterOption -->
        <test-method is-config="true" signature="teardown()[pri:0, instance:tests.RegisterTest@639c2c1d]" started-at="2026-04-19T18:18:29 IST" name="teardown" finished-at="2026-04-19T18:18:29 IST" duration-ms="472" status="PASS">
          <reporter-output>
          </reporter-output>
        </test-method> <!-- teardown -->
        <test-method is-config="true" signature="setup()[pri:0, instance:tests.RegisterTest@639c2c1d]" started-at="2026-04-19T18:18:29 IST" name="setup" finished-at="2026-04-19T18:18:34 IST" duration-ms="4554" status="PASS">
          <reporter-output>
          </reporter-output>
        </test-method> <!-- setup -->
        <test-method signature="verifyRegisteringAccountBySelectingNoNewsletterOption()[pri:4, instance:tests.RegisterTest@639c2c1d]" started-at="2026-04-19T18:18:34 IST" name="verifyRegisteringAccountBySelectingNoNewsletterOption" finished-at="2026-04-19T18:18:41 IST" duration-ms="7414" status="PASS">
          <reporter-output>
          </reporter-output>
        </test-method> <!-- verifyRegisteringAccountBySelectingNoNewsletterOption -->
        <test-method is-config="true" signature="teardown()[pri:0, instance:tests.RegisterTest@639c2c1d]" started-at="2026-04-19T18:18:41 IST" name="teardown" finished-at="2026-04-19T18:18:42 IST" duration-ms="601" status="PASS">
          <reporter-output>
          </reporter-output>
        </test-method> <!-- teardown -->
        <test-method is-config="true" signature="setup()[pri:0, instance:tests.RegisterTest@639c2c1d]" started-at="2026-04-19T18:18:42 IST" name="setup" finished-at="2026-04-19T18:18:48 IST" duration-ms="6291" status="PASS">
          <reporter-output>
          </reporter-output>
        </test-method> <!-- setup -->
        <test-method signature="verifyPrivacyPolicySelectionStatusInRegisterAccountPage()[pri:5, instance:tests.RegisterTest@639c2c1d]" started-at="2026-04-19T18:18:48 IST" name="verifyPrivacyPolicySelectionStatusInRegisterAccountPage" finished-at="2026-04-19T18:18:49 IST" duration-ms="249" status="PASS">
          <reporter-output>
          </reporter-output>
        </test-method> <!-- verifyPrivacyPolicySelectionStatusInRegisterAccountPage -->
        <test-method is-config="true" signature="teardown()[pri:0, instance:tests.RegisterTest@639c2c1d]" started-at="2026-04-19T18:18:49 IST" name="teardown" finished-at="2026-04-19T18:18:49 IST" duration-ms="601" status="PASS">
          <reporter-output>
          </reporter-output>
        </test-method> <!-- teardown -->
      </class> <!-- tests.RegisterTest -->
      <class name="tests.SearchTest">
        <test-method is-config="true" signature="setup()[pri:0, instance:tests.SearchTest@662ac478]" started-at="2026-04-19T18:19:54 IST" name="setup" finished-at="2026-04-19T18:19:57 IST" duration-ms="2945" status="PASS">
          <reporter-output>
          </reporter-output>
        </test-method> <!-- setup -->
        <test-method signature="verifySearchingWithExistingProduct()[pri:1, instance:tests.SearchTest@662ac478]" started-at="2026-04-19T18:19:57 IST" name="verifySearchingWithExistingProduct" finished-at="2026-04-19T18:19:58 IST" duration-ms="1300" status="PASS">
          <reporter-output>
          </reporter-output>
        </test-method> <!-- verifySearchingWithExistingProduct -->
        <test-method is-config="true" signature="teardown()[pri:0, instance:tests.SearchTest@662ac478]" started-at="2026-04-19T18:19:58 IST" name="teardown" finished-at="2026-04-19T18:19:59 IST" duration-ms="461" status="PASS">
          <reporter-output>
          </reporter-output>
        </test-method> <!-- teardown -->
        <test-method is-config="true" signature="setup()[pri:0, instance:tests.SearchTest@662ac478]" started-at="2026-04-19T18:19:59 IST" name="setup" finished-at="2026-04-19T18:20:02 IST" duration-ms="3485" status="PASS">
          <reporter-output>
          </reporter-output>
        </test-method> <!-- setup -->
        <test-method signature="verifySearchingWithNonExistingProductName()[pri:2, instance:tests.SearchTest@662ac478]" started-at="2026-04-19T18:20:02 IST" name="verifySearchingWithNonExistingProductName" finished-at="2026-04-19T18:20:04 IST" duration-ms="1523" status="PASS">
          <reporter-output>
          </reporter-output>
        </test-method> <!-- verifySearchingWithNonExistingProductName -->
        <test-method is-config="true" signature="teardown()[pri:0, instance:tests.SearchTest@662ac478]" started-at="2026-04-19T18:20:04 IST" name="teardown" finished-at="2026-04-19T18:20:04 IST" duration-ms="316" status="PASS">
          <reporter-output>
          </reporter-output>
        </test-method> <!-- teardown -->
        <test-method is-config="true" signature="setup()[pri:0, instance:tests.SearchTest@662ac478]" started-at="2026-04-19T18:20:04 IST" name="setup" finished-at="2026-04-19T18:20:07 IST" duration-ms="2698" status="PASS">
          <reporter-output>
          </reporter-output>
        </test-method> <!-- setup -->
        <test-method signature="verifySearchingWithoutProvidingProductName()[pri:3, instance:tests.SearchTest@662ac478]" started-at="2026-04-19T18:20:07 IST" name="verifySearchingWithoutProvidingProductName" finished-at="2026-04-19T18:20:07 IST" duration-ms="647" status="PASS">
          <reporter-output>
          </reporter-output>
        </test-method> <!-- verifySearchingWithoutProvidingProductName -->
        <test-method is-config="true" signature="teardown()[pri:0, instance:tests.SearchTest@662ac478]" started-at="2026-04-19T18:20:07 IST" name="teardown" finished-at="2026-04-19T18:20:08 IST" duration-ms="292" status="PASS">
          <reporter-output>
          </reporter-output>
        </test-method> <!-- teardown -->
      </class> <!-- tests.SearchTest -->
    </test> <!-- Test -->
  </suite> <!-- Suite -->
</testng-results>
