<?xml version="1.0" encoding="UTF-8"?>
<!-- Generated by org.testng.reporters.JUnitXMLReporter -->
<testsuite ignored="0" hostname="DESKTOP-906HLBK" failures="4" tests="6" name="testcase1" time="7.086" errors="0" timestamp="2024-08-19T18:23:13 IST">
  <testcase classname="practiceparameters.case1" name="web1" time="4.979"/>
  <testcase classname="practiceparameters.case1" name="webtr2" time="0.0">
    <failure type="org.testng.TestNGException" message="
Cannot inject @Test annotated Method [webtr2] with [class java.lang.String].
For more information on native dependency injection please refer to https://testng.org/#_dependency_injection">
      <![CDATA[org.testng.TestNGException: 
Cannot inject @Test annotated Method [webtr2] with [class java.lang.String].
For more information on native dependency injection please refer to https://testng.org/#_dependency_injection
at java.base/java.util.ArrayList.forEach(ArrayList.java:1596)
... Removed 26 stack frames]]>
    </failure>
  </testcase> <!-- webtr2 -->
  <testcase classname="practiceparameters.case1" name="webtr3" time="0.0">
    <failure type="org.testng.TestNGException" message="
Cannot inject @Test annotated Method [webtr3] with [class java.lang.String].
For more information on native dependency injection please refer to https://testng.org/#_dependency_injection">
      <![CDATA[org.testng.TestNGException: 
Cannot inject @Test annotated Method [webtr3] with [class java.lang.String].
For more information on native dependency injection please refer to https://testng.org/#_dependency_injection
at java.base/java.util.ArrayList.forEach(ArrayList.java:1596)
... Removed 26 stack frames]]>
    </failure>
  </testcase> <!-- webtr3 -->
  <testcase classname="practiceparameters.case2" name="website1" time="2.04"/>
  <testcase classname="practiceparameters.case2" name="website2" time="0.0">
    <failure type="org.testng.TestNGException" message="
Cannot inject @Test annotated Method [website2] with [class java.lang.String].
For more information on native dependency injection please refer to https://testng.org/#_dependency_injection">
      <![CDATA[org.testng.TestNGException: 
Cannot inject @Test annotated Method [website2] with [class java.lang.String].
For more information on native dependency injection please refer to https://testng.org/#_dependency_injection
at java.base/java.util.ArrayList.forEach(ArrayList.java:1596)
... Removed 26 stack frames]]>
    </failure>
  </testcase> <!-- website2 -->
  <testcase classname="practiceparameters.case2" name="website3" time="0.0">
    <failure type="org.testng.TestNGException" message="
Cannot inject @Test annotated Method [website3] with [class java.lang.String].
For more information on native dependency injection please refer to https://testng.org/#_dependency_injection">
      <![CDATA[org.testng.TestNGException: 
Cannot inject @Test annotated Method [website3] with [class java.lang.String].
For more information on native dependency injection please refer to https://testng.org/#_dependency_injection
at java.base/java.util.ArrayList.forEach(ArrayList.java:1596)
... Removed 26 stack frames]]>
    </failure>
  </testcase> <!-- website3 -->
</testsuite> <!-- testcase1 -->
