<?xml version="1.0" encoding="UTF-8"?>
<!-- Generated by org.testng.reporters.JUnitReportReporter -->
<testsuite hostname="DESKTOP-906HLBK" failures="1" tests="9" name="tests.LoginTest" time="61.541" errors="0" timestamp="2026-04-19T18:20:10 IST" skipped="0">
  <testcase classname="tests.LoginTest" name="verifyLoggingIntoApplicationUsingValidCredentials" time="5.932"/>
  <testcase classname="tests.LoginTest" name="verifyLoggingIntoApplicationUsingValidCredentials" time="7.805"/>
  <testcase classname="tests.LoginTest" name="verifyLoggingIntoApplicationUsingValidCredentials" time="8.407"/>
  <testcase classname="tests.LoginTest" name="verifyLoggingIntoApplicationUsingValidCredentials" time="6.027"/>
  <testcase classname="tests.LoginTest" name="verifyLoggingIntoApplicationUsingValidCredentials" time="6.636"/>
  <testcase classname="tests.LoginTest" name="verifyLoggingIntoApplicationUsingInvalidCredentials" time="6.650"/>
  <testcase classname="tests.LoginTest" name="verifyLoggingIntoApplicationUsingInvalidEmailAndValidPassword" time="5.631"/>
  <testcase classname="tests.LoginTest" name="verifyLoggingIntoApplicationUsingValidEmailAndValidPassword" time="7.590"/>
  <testcase classname="tests.LoginTest" name="verifyLoggingIntoApplicationWithoutEnteringCredentials" time="6.863">
    <failure message="did not expect [Warning: No match for E-Mail Address and/or Password.] but found [Warning: No match for E-Mail Address and/or Password.]" type="java.lang.AssertionError">
      <![CDATA[java.lang.AssertionError: did not expect [Warning: No match for E-Mail Address and/or Password.] but found [Warning: No match for E-Mail Address and/or Password.]
at org.testng.Assert.fail(Assert.java:111)
at org.testng.Assert.failEquals(Assert.java:1582)
at org.testng.Assert.assertNotEqualsImpl(Assert.java:157)
at org.testng.Assert.assertNotEquals(Assert.java:2201)
at org.testng.Assert.assertNotEquals(Assert.java:2223)
at tests.LoginTest.verifyLoggingIntoApplicationWithoutEnteringCredentials(LoginTest.java:94)
at java.base/jdk.internal.reflect.DirectMethodHandleAccessor.invoke(DirectMethodHandleAccessor.java:103)
at java.base/java.lang.reflect.Method.invoke(Method.java:580)
at org.testng.internal.invokers.MethodInvocationHelper.invokeMethod(MethodInvocationHelper.java:141)
at org.testng.internal.invokers.TestInvoker.invokeMethod(TestInvoker.java:686)
at org.testng.internal.invokers.TestInvoker.invokeTestMethod(TestInvoker.java:230)
at org.testng.internal.invokers.MethodRunner.runInSequence(MethodRunner.java:63)
at org.testng.internal.invokers.TestInvoker$MethodInvocationAgent.invoke(TestInvoker.java:992)
at org.testng.internal.invokers.TestInvoker.invokeTestMethods(TestInvoker.java:203)
at org.testng.internal.invokers.TestMethodWorker.invokeTestMethods(TestMethodWorker.java:154)
at org.testng.internal.invokers.TestMethodWorker.run(TestMethodWorker.java:134)
at java.base/java.util.ArrayList.forEach(ArrayList.java:1596)
at org.testng.TestRunner.privateRun(TestRunner.java:739)
at org.testng.TestRunner.run(TestRunner.java:614)
at org.testng.SuiteRunner.runTest(SuiteRunner.java:421)
at org.testng.SuiteRunner.runSequentially(SuiteRunner.java:413)
at org.testng.SuiteRunner.privateRun(SuiteRunner.java:373)
at org.testng.SuiteRunner.run(SuiteRunner.java:312)
at org.testng.SuiteRunnerWorker.runSuite(SuiteRunnerWorker.java:52)
at org.testng.SuiteRunnerWorker.run(SuiteRunnerWorker.java:95)
at org.testng.TestNG.runSuitesSequentially(TestNG.java:1274)
at org.testng.TestNG.runSuitesLocally(TestNG.java:1208)
at org.testng.TestNG.runSuites(TestNG.java:1112)
at org.testng.TestNG.run(TestNG.java:1079)
at org.testng.remote.AbstractRemoteTestNG.run(AbstractRemoteTestNG.java:115)
at org.testng.remote.RemoteTestNG.initAndRun(RemoteTestNG.java:293)
at org.testng.remote.RemoteTestNG.main(RemoteTestNG.java:91)
]]>
    </failure>
  </testcase> <!-- verifyLoggingIntoApplicationWithoutEnteringCredentials -->
</testsuite> <!-- tests.LoginTest -->
