<?xml version="1.0" encoding="UTF-8"?>
<!-- Generated by org.testng.reporters.JUnitReportReporter -->
<testsuite hostname="DESKTOP-906HLBK" failures="0" tests="3" name="tests.SearchTest" time="13.667" errors="0" timestamp="2026-04-19T18:20:10 IST" skipped="0">
  <testcase classname="tests.SearchTest" name="verifySearchingWithExistingProduct" time="5.101"/>
  <testcase classname="tests.SearchTest" name="verifySearchingWithNonExistingProductName" time="4.929"/>
  <testcase classname="tests.SearchTest" name="verifySearchingWithoutProvidingProductName" time="3.637"/>
</testsuite> <!-- tests.SearchTest -->
