<?xml version="1.0" encoding="UTF-8"?>
<!-- Generated by org.testng.reporters.JUnitReportReporter -->
<testsuite hostname="DESKTOP-906HLBK" failures="0" tests="5" name="tests.loginpagecase" time="38.686" errors="0" timestamp="2026-04-19T17:33:26 IST" skipped="0">
  <testcase classname="tests.loginpagecase" name="logindiffernetCredentials" time="6.850"/>
  <testcase classname="tests.loginpagecase" name="logindiffernetCredentials" time="10.726"/>
  <testcase classname="tests.loginpagecase" name="logindiffernetCredentials" time="6.316"/>
  <testcase classname="tests.loginpagecase" name="logindiffernetCredentials" time="7.698"/>
  <testcase classname="tests.loginpagecase" name="logindiffernetCredentials" time="7.096"/>
</testsuite> <!-- tests.loginpagecase -->
