<?xml version="1.0" encoding="UTF-8"?>
<!-- Generated by org.testng.reporters.JUnitReportReporter -->
<testsuite hostname="DESKTOP-906HLBK" failures="0" tests="5" name="tests.RegisterTest" time="56.727" errors="0" timestamp="2026-04-19T18:20:10 IST" skipped="0">
  <testcase classname="tests.RegisterTest" name="verifyRegisteringUsingMandatoryFields" time="12.634"/>
  <testcase classname="tests.RegisterTest" name="verifyRegisteringAccountUsingAllFields" time="12.447"/>
  <testcase classname="tests.RegisterTest" name="verifyRegisteringAccountBySelectingYesNewsletterOption" time="13.882"/>
  <testcase classname="tests.RegisterTest" name="verifyRegisteringAccountBySelectingNoNewsletterOption" time="12.360"/>
  <testcase classname="tests.RegisterTest" name="verifyPrivacyPolicySelectionStatusInRegisterAccountPage" time="5.404"/>
</testsuite> <!-- tests.RegisterTest -->
