<?xml version="1.0" encoding="UTF-8"?>
<!-- Generated by org.testng.reporters.JUnitXMLReporter -->
<testsuite ignored="0" hostname="DESKTOP-906HLBK" failures="0" tests="5" name="testcase6" time="19.714" errors="0" timestamp="2024-08-24T08:08:11 IST">
  <testcase classname="testngcase.invaliddetailsdemo" name="lwievp" time="0.836"/>
  <testcase classname="testngcase.invaliddetailsdemo" name="lwveip" time="0.786"/>
  <testcase classname="testngcase.invaliddetailsdemo" name="lwieip" time="0.602"/>
  <testcase classname="testngcase.searchingdemo" name="tablet" time="3.167"/>
  <testcase classname="testngcase.validdetailsdemo" name="lwvc" time="3.5"/>
</testsuite> <!-- testcase6 -->
