<?xml version="1.0" encoding="UTF-8"?>
<!-- Generated by org.testng.reporters.JUnitReportReporter -->
<testsuite hostname="DESKTOP-906HLBK" failures="0" tests="3" name="qafoxpage.login" time="26.515" errors="0" timestamp="2025-09-16T11:20:23 IST" skipped="0">
  <testcase classname="qafoxpage.login" name="loginusing_validcredentials" time="7.350"/>
  <testcase classname="qafoxpage.login" name="loginusing_validemailinvalidpassword" time="12.725"/>
  <testcase classname="qafoxpage.login" name="withoutentering_Details" time="6.440"/>
</testsuite> <!-- qafoxpage.login -->
