<?xml version="1.0" encoding="UTF-8"?>
<!-- Generated by org.testng.reporters.JUnitReportReporter -->
<testsuite hostname="DESKTOP-906HLBK" failures="0" tests="4" name="qafoxloginpage.login2" time="35.525" errors="0" timestamp="2024-09-03T18:53:23 IST" skipped="1">
  <testcase classname="qafoxloginpage.login2" name="loginfunctionality" time="9.613"/>
  <testcase classname="qafoxloginpage.login2" name="loginfunctionality" time="9.966"/>
  <testcase classname="qafoxloginpage.login2" name="loginfunctionality" time="5.230">
    <skipped/>
  </testcase> <!-- loginfunctionality -->
  <testcase classname="qafoxloginpage.login2" name="loginfunctionality" time="10.716"/>
</testsuite> <!-- qafoxloginpage.login2 -->
