<?xml version="1.0" encoding="UTF-8"?>
<!-- Generated by org.testng.reporters.JUnitReportReporter -->
<testsuite hostname="DESKTOP-906HLBK" failures="0" tests="2" name="testngcase.Beforeaftermethoddemocase" time="0.007" errors="0" timestamp="2024-08-10T19:34:00 IST" skipped="0">
  <testcase classname="testngcase.Beforeaftermethoddemocase" name="sample1" time="0.004"/>
  <testcase classname="testngcase.Beforeaftermethoddemocase" name="sample2" time="0.003"/>
</testsuite> <!-- testngcase.Beforeaftermethoddemocase -->
