<?xml version="1.0" encoding="UTF-8"?>
<!-- Generated by org.testng.reporters.JUnitReportReporter -->
<testsuite hostname="DESKTOP-906HLBK" failures="0" tests="3" name="frameworkproperties.serachpagedemo" time="24.665" errors="0" timestamp="2024-08-28T16:00:53 IST" skipped="0">
  <testcase classname="frameworkproperties.serachpagedemo" name="searchforvalidproduct" time="8.097"/>
  <testcase classname="frameworkproperties.serachpagedemo" name="searchforinvalidproduct" time="7.790"/>
  <testcase classname="frameworkproperties.serachpagedemo" name="withoutgivinginput" time="8.778"/>
</testsuite> <!-- frameworkproperties.serachpagedemo -->
