<?xml version="1.0" encoding="UTF-8"?>
<!-- Generated by org.testng.reporters.JUnitReportReporter -->
<testsuite hostname="DESKTOP-906HLBK" failures="0" tests="3" name="test.logindemo2" time="9.914" errors="0" timestamp="2024-08-10T16:47:01 IST" skipped="0">
  <testcase classname="test.logindemo2" name="loginwithvalidcredentials" time="2.790"/>
  <testcase classname="test.logindemo2" name="loginwithvalidmailinvalidpassword" time="4.326"/>
  <testcase classname="test.logindemo2" name="loginwithinvalidemailvalidpassword" time="2.798"/>
</testsuite> <!-- test.logindemo2 -->
