<?xml version="1.0" encoding="UTF-8"?>
<!-- Generated by org.testng.reporters.JUnitReportReporter -->
<testsuite hostname="DESKTOP-906HLBK" failures="0" tests="4" name="frameworkproperties.demo1" time="34.541" errors="0" timestamp="2024-08-28T16:00:53 IST" skipped="0">
  <testcase classname="frameworkproperties.demo1" name="loginwithvalidcredentials" time="9.796"/>
  <testcase classname="frameworkproperties.demo1" name="loginwithinvalidcredentials" time="8.288"/>
  <testcase classname="frameworkproperties.demo1" name="loginwithvalidEmailinvalidcredentials" time="8.187"/>
  <testcase classname="frameworkproperties.demo1" name="loginwithinvalidemailvalidpassword" time="8.270"/>
</testsuite> <!-- frameworkproperties.demo1 -->
