<?xml version="1.0" encoding="UTF-8"?>
<!-- Generated by org.testng.reporters.JUnitReportReporter -->
<testsuite hostname="DESKTOP-906HLBK" failures="0" tests="3" name="qafoxpage.register" time="32.238" errors="0" timestamp="2025-08-20T18:58:26 IST" skipped="0">
  <testcase classname="qafoxpage.register" name="verify_registerpage_withmandatory_fields" time="7.662"/>
  <testcase classname="qafoxpage.register" name="Registerpage_Providingallthefields" time="14.800"/>
  <testcase classname="qafoxpage.register" name="Registerpage_withoutenteringdetails" time="9.776"/>
</testsuite> <!-- qafoxpage.register -->
