<?xml version="1.0" encoding="UTF-8"?>
<!-- Generated by org.testng.reporters.JUnitReportReporter -->
<testsuite hostname="DESKTOP-906HLBK" failures="0" tests="3" name="qafoxloginpage.logindemo1" time="28.511" errors="0" timestamp="2024-09-02T11:38:14 IST" skipped="0">
  <testcase classname="qafoxloginpage.logindemo1" name="loginfunctionality" time="10.990"/>
  <testcase classname="qafoxloginpage.logindemo1" name="loginfunctionality" time="8.883"/>
  <testcase classname="qafoxloginpage.logindemo1" name="loginfunctionality" time="8.638"/>
</testsuite> <!-- qafoxloginpage.logindemo1 -->
