<?xml version="1.0" encoding="UTF-8"?>
<!-- Generated by org.testng.reporters.JUnitReportReporter -->
<testsuite hostname="DESKTOP-906HLBK" failures="0" tests="2" name="frameworkproperties.regdemo1" time="17.734" errors="0" timestamp="2024-08-28T16:00:53 IST" skipped="0">
  <testcase classname="frameworkproperties.regdemo1" name="qaregister" time="9.665"/>
  <testcase classname="frameworkproperties.regdemo1" name="withoutenteringfields" time="8.069"/>
</testsuite> <!-- frameworkproperties.regdemo1 -->
