<?xml version="1.0" encoding="UTF-8"?>
<!-- Generated by org.testng.reporters.JUnitReportReporter -->
<testsuite hostname="DESKTOP-906HLBK" failures="0" tests="3" name="practiceparameters.validdetailsdemo" time="10.541" errors="0" timestamp="2024-08-19T19:25:32 IST" skipped="0">
  <testcase classname="practiceparameters.validdetailsdemo" name="lwvc1" time="4.963"/>
  <testcase classname="practiceparameters.validdetailsdemo" name="lwvc1" time="2.701"/>
  <testcase classname="practiceparameters.validdetailsdemo" name="lwvc1" time="2.877"/>
</testsuite> <!-- practiceparameters.validdetailsdemo -->
