<?xml version="1.0" encoding="UTF-8"?>
<!-- Generated by org.testng.reporters.JUnitReportReporter -->
<testsuite hostname="DESKTOP-906HLBK" failures="0" tests="2" name="testngcase.Beforeafterclassdemocase1" time="0.005" errors="0" timestamp="2024-08-10T19:34:00 IST" skipped="0">
  <testcase classname="testngcase.Beforeafterclassdemocase1" name="sample2" time="0.001"/>
  <testcase classname="testngcase.Beforeafterclassdemocase1" name="sample1" time="0.004"/>
</testsuite> <!-- testngcase.Beforeafterclassdemocase1 -->
