<?xml version="1.0" encoding="UTF-8"?>
<!-- Generated by org.testng.reporters.JUnitReportReporter -->
<testsuite hostname="DESKTOP-906HLBK" failures="0" tests="3" name="testngcase.invaliddetailsdemo" time="12.947" errors="0" timestamp="2024-08-24T08:08:11 IST" skipped="0">
  <testcase classname="testngcase.invaliddetailsdemo" name="lwievp" time="3.748"/>
  <testcase classname="testngcase.invaliddetailsdemo" name="lwveip" time="3.236"/>
  <testcase classname="testngcase.invaliddetailsdemo" name="lwieip" time="5.963"/>
</testsuite> <!-- testngcase.invaliddetailsdemo -->
