<?xml version="1.0" encoding="UTF-8"?>
<!-- Generated by org.testng.reporters.JUnitReportReporter -->
<testsuite hostname="DESKTOP-906HLBK" failures="0" tests="3" name="testngcase1.invaliddetailsdemo" time="8.124" errors="0" timestamp="2024-08-16T18:55:41 IST" skipped="0">
  <testcase classname="testngcase1.invaliddetailsdemo" name="lwveip" time="2.493"/>
  <testcase classname="testngcase1.invaliddetailsdemo" name="lwievp" time="3.082"/>
  <testcase classname="testngcase1.invaliddetailsdemo" name="lwieip" time="2.549"/>
</testsuite> <!-- testngcase1.invaliddetailsdemo -->
