<?xml version="1.0" encoding="UTF-8"?>
<!-- Generated by org.testng.reporters.JUnitReportReporter -->
<testsuite hostname="DESKTOP-906HLBK" failures="0" tests="3" name="testngcase.logindemo2" time="10.543" errors="0" timestamp="2024-08-10T19:34:00 IST" skipped="0">
  <testcase classname="testngcase.logindemo2" name="loginwithvalidcredentials" time="3.580"/>
  <testcase classname="testngcase.logindemo2" name="loginwithvalidmailinvalidpassword" time="3.279"/>
  <testcase classname="testngcase.logindemo2" name="loginwithinvalidemailvalidpassword" time="3.684"/>
</testsuite> <!-- testngcase.logindemo2 -->
