<?xml version="1.0" encoding="UTF-8"?>
<!-- Generated by org.testng.reporters.JUnitReportReporter -->
<testsuite hostname="DESKTOP-906HLBK" failures="0" tests="4" name="qafoxloginpage.login1" time="37.430" errors="0" timestamp="2024-09-03T16:57:02 IST" skipped="0">
  <testcase classname="qafoxloginpage.login1" name="loginfunctionality" time="9.452"/>
  <testcase classname="qafoxloginpage.login1" name="loginfunctionality" time="9.404"/>
  <testcase classname="qafoxloginpage.login1" name="loginfunctionality" time="9.153"/>
  <testcase classname="qafoxloginpage.login1" name="loginfunctionality" time="9.421"/>
</testsuite> <!-- qafoxloginpage.login1 -->
