<?xml version="1.0" encoding="UTF-8"?>
<!-- Generated by org.testng.reporters.JUnitReportReporter -->
<testsuite hostname="DESKTOP-906HLBK" failures="0" tests="4" name="qafoxpage.registerfordatadriven" time="30.584" errors="0" timestamp="2025-08-20T18:58:26 IST" skipped="0">
  <testcase classname="qafoxpage.registerfordatadriven" name="verify_registerpage_withmandatory_fields" time="8.783"/>
  <testcase classname="qafoxpage.registerfordatadriven" name="verify_registerpage_withmandatory_fields" time="6.221"/>
  <testcase classname="qafoxpage.registerfordatadriven" name="verify_registerpage_withmandatory_fields" time="7.120"/>
  <testcase classname="qafoxpage.registerfordatadriven" name="verify_registerpage_withmandatory_fields" time="8.460"/>
</testsuite> <!-- qafoxpage.registerfordatadriven -->
