<?xml version="1.0" encoding="UTF-8"?>
<!-- Generated by org.testng.reporters.JUnitReportReporter -->
<testsuite hostname="DESKTOP-906HLBK" failures="0" tests="4" name="qafoxloginpage.register" time="50.519" errors="0" timestamp="2024-09-05T18:40:30 IST" skipped="0">
  <testcase classname="qafoxloginpage.register" name="registerpage" time="10.002"/>
  <testcase classname="qafoxloginpage.register" name="registerpage" time="14.174"/>
  <testcase classname="qafoxloginpage.register" name="registerpage" time="15.071"/>
  <testcase classname="qafoxloginpage.register" name="registerpage" time="11.272"/>
</testsuite> <!-- qafoxloginpage.register -->
