<?xml version="1.0" encoding="UTF-8"?>
<!-- Generated by org.testng.reporters.JUnitReportReporter -->
<testsuite hostname="DESKTOP-906HLBK" failures="0" tests="4" name="qafoxpage.registerdatadriven1" time="0.021" errors="0" timestamp="2025-09-16T11:20:23 IST" skipped="4">
  <testcase classname="qafoxpage.registerdatadriven1" name="case1" time="0.004">
    <skipped/>
  </testcase> <!-- case1 -->
  <testcase classname="qafoxpage.registerdatadriven1" name="case1" time="0.002">
    <skipped/>
  </testcase> <!-- case1 -->
  <testcase classname="qafoxpage.registerdatadriven1" name="case1" time="0.008">
    <skipped/>
  </testcase> <!-- case1 -->
  <testcase classname="qafoxpage.registerdatadriven1" name="case1" time="0.007">
    <skipped/>
  </testcase> <!-- case1 -->
</testsuite> <!-- qafoxpage.registerdatadriven1 -->
