<?xml version="1.0" encoding="UTF-8"?>
<!-- Generated by org.testng.reporters.JUnitReportReporter -->
<testsuite hostname="DESKTOP-906HLBK" failures="0" tests="3" name="test.logindemo3" time="8.537" errors="0" timestamp="2024-08-10T16:30:50 IST" skipped="0">
  <testcase classname="test.logindemo3" name="loginwithvalidcredentials" time="3.341"/>
  <testcase classname="test.logindemo3" name="loginwithvalidmailinvalidpassword" time="2.617"/>
  <testcase classname="test.logindemo3" name="loginwithinvalidemailvalidpassword" time="2.579"/>
</testsuite> <!-- test.logindemo3 -->
