<?xml version="1.0" encoding="UTF-8"?>
<!-- Generated by org.testng.reporters.JUnitXMLReporter -->
<testsuite ignored="0" hostname="DESKTOP-906HLBK" failures="0" tests="9" name="test case1" time="77.024" errors="0" timestamp="2024-08-28T16:00:52 IST">
  <testcase classname="frameworkproperties.demo1" name="loginwithvalidcredentials" time="0.759"/>
  <testcase classname="frameworkproperties.demo1" name="loginwithinvalidcredentials" time="0.734"/>
  <testcase classname="frameworkproperties.demo1" name="loginwithvalidEmailinvalidcredentials" time="0.71"/>
  <testcase classname="frameworkproperties.demo1" name="loginwithinvalidemailvalidpassword" time="0.622"/>
  <testcase classname="frameworkproperties.regdemo1" name="qaregister" time="1.463"/>
  <testcase classname="frameworkproperties.regdemo1" name="withoutenteringfields" time="0.354"/>
  <testcase classname="frameworkproperties.serachpagedemo" name="searchforvalidproduct" time="0.429"/>
  <testcase classname="frameworkproperties.serachpagedemo" name="searchforinvalidproduct" time="0.406"/>
  <testcase classname="frameworkproperties.serachpagedemo" name="withoutgivinginput" time="0.408"/>
</testsuite> <!-- test case1 -->
