<?xml version="1.0" encoding="UTF-8"?>
<!-- Generated by org.testng.reporters.JUnitXMLReporter -->
<testsuite ignored="0" hostname="DESKTOP-906HLBK" failures="1" tests="1" name="testcase4" time="0.034" errors="0" timestamp="2024-08-19T19:10:07 IST">
  <testcase classname="practiceparameters.validdetailsdemo" name="lwvc1" time="0.01">
    <failure type="org.testng.internal.reflect.MethodMatcherException" message="
[public void practiceparameters.validdetailsdemo.lwvc1(java.lang.String,java.lang.String,java.lang.String)] has no parameters defined but was found to be using a data provider (either explicitly specified or inherited from class level annotation).
Data provider mismatch
Method: lwvc1([java.lang.String arg0, java.lang.String arg1, java.lang.String arg2])
Arguments: [(java.lang.String) amotooricap1@gmail.com,(java.lang.String) 12345]">
      <![CDATA[org.testng.internal.reflect.MethodMatcherException: 
[public void practiceparameters.validdetailsdemo.lwvc1(java.lang.String,java.lang.String,java.lang.String)] has no parameters defined but was found to be using a data provider (either explicitly specified or inherited from class level annotation).
Data provider mismatch
Method: lwvc1([java.lang.String arg0, java.lang.String arg1, java.lang.String arg2])
Arguments: [(java.lang.String) amotooricap1@gmail.com,(java.lang.String) 12345]
at java.base/java.util.ArrayList.forEach(ArrayList.java:1596)
... Removed 22 stack frames]]>
    </failure>
  </testcase> <!-- lwvc1 -->
</testsuite> <!-- testcase4 -->
